# JRE version: Java(TM) SE Runtime Environment (16.0.2+7) (build 16.0.2+7-67)
# Java VM: Java HotSpot(TM) 64-Bit Server VM (16.0.2+7-67, mixed mode, sharing, tiered, compressed oops, compressed class ptrs, g1 gc, windows-amd64)
GC Precious Log:
 CPUs: 8 total, 8 available
 Memory: 15805M
 Large Page Support: Disabled
 NUMA Support: Disabled
 Compressed Oops: Enabled (32-bit)
 Heap Region Size: 1M
 Heap Min Capacity: 8M
 Heap Initial Capacity: 248M
 Heap Max Capacity: 2G
 Pre-touch: Disabled
 Parallel Workers: 8
 Concurrent Workers: 2
 Concurrent Refinement Workers: 8
 Periodic GC: Disabled
Heap:
 garbage-first heap   total 75776K, used 35304K [0x0000000080000000, 0x0000000100000000)
  region size 1024K, 10 young (10240K), 3 survivors (3072K)
 Metaspace       used 30321K, committed 30656K, reserved 454656K
  class space    used 4196K, committed 4352K, reserved 421888K
GC Heap History (10 events):
Event: 1.614 GC heap before
{Heap before GC invocations=0 (full 0):
 garbage-first heap   total 253952K, used 28672K [0x0000000080000000, 0x0000000100000000)
  region size 1024K, 23 young (23552K), 0 survivors (0K)
 Metaspace       used 3234K, committed 3392K, reserved 430080K
  class space    used 394K, committed 448K, reserved 421888K
}
Event: 1.643 GC heap after
{Heap after GC invocations=1 (full 0):
 garbage-first heap   total 253952K, used 9725K [0x0000000080000000, 0x0000000100000000)
  region size 1024K, 3 young (3072K), 3 survivors (3072K)
 Metaspace       used 3234K, committed 3392K, reserved 430080K
  class space    used 394K, committed 448K, reserved 421888K
}
Event: 2.470 GC heap before
{Heap before GC invocations=1 (full 0):
 garbage-first heap   total 253952K, used 35325K [0x0000000080000000, 0x0000000100000000)
  region size 1024K, 28 young (28672K), 3 survivors (3072K)
 Metaspace       used 4128K, committed 4288K, reserved 430080K
  class space    used 489K, committed 576K, reserved 421888K
}
Event: 2.473 GC heap after
{Heap after GC invocations=2 (full 0):
 garbage-first heap   total 253952K, used 10475K [0x0000000080000000, 0x0000000100000000)
  region size 1024K, 1 young (1024K), 1 survivors (1024K)
 Metaspace       used 4128K, committed 4288K, reserved 430080K
  class space    used 489K, committed 576K, reserved 421888K
}
Event: 7.290 GC heap before
{Heap before GC invocations=2 (full 0):
 garbage-first heap   total 253952K, used 122091K [0x0000000080000000, 0x0000000100000000)
  region size 1024K, 111 young (113664K), 1 survivors (1024K)
 Metaspace       used 20975K, committed 21248K, reserved 446464K
  class space    used 3066K, committed 3200K, reserved 421888K
}
Event: 7.299 GC heap after
{Heap after GC invocations=3 (full 0):
 garbage-first heap   total 253952K, used 20920K [0x0000000080000000, 0x0000000100000000)
  region size 1024K, 11 young (11264K), 11 survivors (11264K)
 Metaspace       used 20975K, committed 21248K, reserved 446464K
  class space    used 3066K, committed 3200K, reserved 421888K
}
Event: 8.970 GC heap before
{Heap before GC invocations=4 (full 0):
 garbage-first heap   total 75776K, used 53688K [0x0000000080000000, 0x0000000100000000)
  region size 1024K, 44 young (45056K), 11 survivors (11264K)
 Metaspace       used 28208K, committed 28544K, reserved 446464K
  class space    used 3934K, committed 4096K, reserved 421888K
}
Event: 8.981 GC heap after
{Heap after GC invocations=5 (full 0):
 garbage-first heap   total 75776K, used 25976K [0x0000000080000000, 0x0000000100000000)
  region size 1024K, 6 young (6144K), 6 survivors (6144K)
 Metaspace       used 28208K, committed 28544K, reserved 446464K
  class space    used 3934K, committed 4096K, reserved 421888K
}
Event: 9.728 GC heap before
{Heap before GC invocations=5 (full 0):
 garbage-first heap   total 75776K, used 52600K [0x0000000080000000, 0x0000000100000000)
  region size 1024K, 32 young (32768K), 6 survivors (6144K)
 Metaspace       used 29862K, committed 30272K, reserved 454656K
  class space    used 4147K, committed 4352K, reserved 421888K
}
Event: 9.734 GC heap after
{Heap after GC invocations=6 (full 0):
 garbage-first heap   total 75776K, used 27112K [0x0000000080000000, 0x0000000100000000)
  region size 1024K, 3 young (3072K), 3 survivors (3072K)
 Metaspace       used 29862K, committed 30272K, reserved 454656K
  class space    used 4147K, committed 4352K, reserved 421888K
}

